TN:
SF:/home/yellow/work/bit/coins/ethdev-boilerplate/src/resources/services/flash.js
FN:2,(anonymous_0)
FN:6,(anonymous_1)
FN:15,(anonymous_2)
FNF:3
FNH:0
FNDA:0,(anonymous_0)
FNDA:0,(anonymous_1)
FNDA:0,(anonymous_2)
DA:3,0
DA:7,0
DA:9,0
DA:14,0
DA:15,0
DA:16,0
LF:6
LH:0
BRDA:7,0,0,0
BRDA:7,0,1,0
BRDA:7,1,0,0
BRDA:7,1,1,0
BRF:4
BRH:0
end_of_record
TN:
SF:/home/yellow/work/bit/coins/ethdev-boilerplate/src/resources/services/spin.js
FN:2,(anonymous_0)
FN:6,(anonymous_1)
FN:10,(anonymous_2)
FNF:3
FNH:0
FNDA:0,(anonymous_0)
FNDA:0,(anonymous_1)
FNDA:0,(anonymous_2)
DA:3,0
DA:7,0
DA:11,0
LF:3
LH:0
BRF:0
BRH:0
end_of_record
TN:
SF:/home/yellow/work/bit/coins/ethdev-boilerplate/src/app.js
FN:8,(anonymous_0)
FN:13,(anonymous_1)
FNF:2
FNH:1
FNDA:1,(anonymous_0)
FNDA:0,(anonymous_1)
DA:9,1
DA:10,1
DA:14,0
DA:15,0
DA:16,0
LF:5
LH:2
BRF:0
BRH:0
end_of_record
